2025-05-13 21:08:41:841 [32minfo[39m: [32mServidor rodando na porta 3000[39m
2025-05-13 21:21:08:218 [32minfo[39m: [32mServidor rodando na porta 3000[39m
2025-05-13 21:22:28:2228 [32minfo[39m: [32m::1 - - [14/May/2025:00:22:28 +0000] "GET / HTTP/1.1" 200 76 "-" "PostmanRuntime/7.43.4"[39m
2025-05-13 21:23:07:237 [31merror[39m: [31mTypeError: Cannot mix BigInt and other types, use explicit conversions[39m
[31mStack: TypeError: Cannot mix BigInt and other types, use explicit conversions[39m
[31m    at listarTodos (/home/andre/Documentos/SUI/controllers/servicoController.js:46:44)[39m
[31m    at process.processTicksAndRejections (node:internal/process/task_queues:95:5)[39m
2025-05-13 21:23:07:237 [32minfo[39m: [32m::1 - - [14/May/2025:00:23:07 +0000] "GET /api/servicos HTTP/1.1" 500 359 "-" "PostmanRuntime/7.43.4"[39m
2025-05-13 21:23:38:2338 [31merror[39m: [31mTypeError: Cannot mix BigInt and other types, use explicit conversions[39m
[31mStack: TypeError: Cannot mix BigInt and other types, use explicit conversions[39m
[31m    at listarTodos (/home/andre/Documentos/SUI/controllers/servicoController.js:46:44)[39m
[31m    at process.processTicksAndRejections (node:internal/process/task_queues:95:5)[39m
2025-05-13 21:23:38:2338 [32minfo[39m: [32m::1 - - [14/May/2025:00:23:38 +0000] "GET /api/servicos?ativo=true&limite=10&pagina=1 HTTP/1.1" 500 359 "-" "PostmanRuntime/7.43.4"[39m
2025-05-13 21:24:04:244 [32minfo[39m: [32m::1 - - [14/May/2025:00:24:04 +0000] "GET /api/servicos/destaques HTTP/1.1" 200 26 "-" "PostmanRuntime/7.43.4"[39m
2025-05-13 21:24:31:2431 [31merror[39m: [31mTypeError: Cannot mix BigInt and other types, use explicit conversions[39m
[31mStack: TypeError: Cannot mix BigInt and other types, use explicit conversions[39m
[31m    at listarTodos (/home/andre/Documentos/SUI/controllers/servicoController.js:46:44)[39m
[31m    at process.processTicksAndRejections (node:internal/process/task_queues:95:5)[39m
2025-05-13 21:24:31:2431 [32minfo[39m: [32m::1 - - [14/May/2025:00:24:31 +0000] "GET /api/servicos HTTP/1.1" 500 359 "-" "PostmanRuntime/7.43.4"[39m
2025-05-13 21:24:51:2451 [32minfo[39m: [32m::1 - - [14/May/2025:00:24:51 +0000] "GET /api/locais/servico/1 HTTP/1.1" 200 474 "-" "PostmanRuntime/7.43.4"[39m
2025-05-13 21:28:18:2818 [31merror[39m: [31mTypeError: Cannot mix BigInt and other types, use explicit conversions[39m
[31mStack: TypeError: Cannot mix BigInt and other types, use explicit conversions[39m
[31m    at listarTodos (/home/andre/Documentos/SUI/controllers/servicoController.js:46:44)[39m
[31m    at process.processTicksAndRejections (node:internal/process/task_queues:95:5)[39m
2025-05-13 21:28:18:2818 [32minfo[39m: [32m::1 - - [14/May/2025:00:28:18 +0000] "GET /api/servicos HTTP/1.1" 500 359 "-" "PostmanRuntime/7.43.4"[39m
2025-05-13 21:32:53:3253 [32minfo[39m: [32m::1 - - [14/May/2025:00:32:53 +0000] "GET /api/servicos/destaques HTTP/1.1" 200 26 "-" "PostmanRuntime/7.43.4"[39m
2025-05-13 21:33:14:3314 [31merror[39m: [31mTypeError: Do not know how to serialize a BigInt[39m
[31mStack: TypeError: Do not know how to serialize a BigInt[39m
[31m    at JSON.stringify (<anonymous>)[39m
[31m    at stringify (/home/andre/Documentos/SUI/node_modules/express/lib/response.js:1020:12)[39m
[31m    at ServerResponse.json (/home/andre/Documentos/SUI/node_modules/express/lib/response.js:243:14)[39m
[31m    at /home/andre/Documentos/SUI/routes/categoriasRoute.js:11:9[39m
[31m    at process.processTicksAndRejections (node:internal/process/task_queues:95:5)[39m
2025-05-13 21:33:14:3314 [32minfo[39m: [32m::1 - - [14/May/2025:00:33:14 +0000] "GET /api/categorias HTTP/1.1" 500 523 "-" "PostmanRuntime/7.43.4"[39m
2025-05-13 21:37:20:3720 [31merror[39m: [31mApiError: Rota não encontrada: /api/categoria[39m
[31mStack: ApiError: Rota não encontrada: /api/categoria[39m
[31m    at notFoundHandler (/home/andre/Documentos/SUI/middleware/errorHandler.js:38:17)[39m
[31m    at Layer.handleRequest (/home/andre/Documentos/SUI/node_modules/router/lib/layer.js:152:17)[39m
[31m    at trimPrefix (/home/andre/Documentos/SUI/node_modules/router/index.js:342:13)[39m
[31m    at /home/andre/Documentos/SUI/node_modules/router/index.js:297:9[39m
[31m    at processParams (/home/andre/Documentos/SUI/node_modules/router/index.js:582:12)[39m
[31m    at next (/home/andre/Documentos/SUI/node_modules/router/index.js:291:5)[39m
[31m    at urlencodedParser (/home/andre/Documentos/SUI/node_modules/body-parser/lib/types/urlencoded.js:68:7)[39m
[31m    at Layer.handleRequest (/home/andre/Documentos/SUI/node_modules/router/lib/layer.js:152:17)[39m
[31m    at trimPrefix (/home/andre/Documentos/SUI/node_modules/router/index.js:342:13)[39m
[31m    at /home/andre/Documentos/SUI/node_modules/router/index.js:297:9[39m
2025-05-13 21:37:20:3720 [32minfo[39m: [32m::1 - - [14/May/2025:00:37:20 +0000] "GET /api/categoria HTTP/1.1" 404 1001 "-" "PostmanRuntime/7.43.4"[39m
2025-05-13 21:37:25:3725 [31merror[39m: [31mTypeError: Do not know how to serialize a BigInt[39m
[31mStack: TypeError: Do not know how to serialize a BigInt[39m
[31m    at JSON.stringify (<anonymous>)[39m
[31m    at stringify (/home/andre/Documentos/SUI/node_modules/express/lib/response.js:1020:12)[39m
[31m    at ServerResponse.json (/home/andre/Documentos/SUI/node_modules/express/lib/response.js:243:14)[39m
[31m    at /home/andre/Documentos/SUI/routes/categoriasRoute.js:11:9[39m
[31m    at process.processTicksAndRejections (node:internal/process/task_queues:95:5)[39m
2025-05-13 21:37:25:3725 [32minfo[39m: [32m::1 - - [14/May/2025:00:37:25 +0000] "GET /api/categorias HTTP/1.1" 500 523 "-" "PostmanRuntime/7.43.4"[39m
2025-05-13 21:37:46:3746 [32minfo[39m: [32m::1 - - [14/May/2025:00:37:46 +0000] "GET /api/faq/servico/1 HTTP/1.1" 200 26 "-" "PostmanRuntime/7.43.4"[39m
2025-05-13 21:38:02:382 [31merror[39m: [31mApiError: Rota não encontrada: /api/auth/login[39m
[31mStack: ApiError: Rota não encontrada: /api/auth/login[39m
[31m    at notFoundHandler (/home/andre/Documentos/SUI/middleware/errorHandler.js:38:17)[39m
[31m    at Layer.handleRequest (/home/andre/Documentos/SUI/node_modules/router/lib/layer.js:152:17)[39m
[31m    at trimPrefix (/home/andre/Documentos/SUI/node_modules/router/index.js:342:13)[39m
[31m    at /home/andre/Documentos/SUI/node_modules/router/index.js:297:9[39m
[31m    at processParams (/home/andre/Documentos/SUI/node_modules/router/index.js:582:12)[39m
[31m    at next (/home/andre/Documentos/SUI/node_modules/router/index.js:291:5)[39m
[31m    at /home/andre/Documentos/SUI/node_modules/router/index.js:688:15[39m
[31m    at next (/home/andre/Documentos/SUI/node_modules/router/index.js:276:14)[39m
[31m    at Function.handle (/home/andre/Documentos/SUI/node_modules/router/index.js:186:3)[39m
[31m    at router (/home/andre/Documentos/SUI/node_modules/router/index.js:60:12)[39m
2025-05-13 21:38:02:382 [32minfo[39m: [32m::1 - - [14/May/2025:00:38:02 +0000] "GET /api/auth/login HTTP/1.1" 404 960 "-" "PostmanRuntime/7.43.4"[39m
2025-05-13 21:38:31:3831 [31merror[39m: [31mApiError: Rota não encontrada: /api/auth/login[39m
[31mStack: ApiError: Rota não encontrada: /api/auth/login[39m
[31m    at notFoundHandler (/home/andre/Documentos/SUI/middleware/errorHandler.js:38:17)[39m
[31m    at Layer.handleRequest (/home/andre/Documentos/SUI/node_modules/router/lib/layer.js:152:17)[39m
[31m    at trimPrefix (/home/andre/Documentos/SUI/node_modules/router/index.js:342:13)[39m
[31m    at /home/andre/Documentos/SUI/node_modules/router/index.js:297:9[39m
[31m    at processParams (/home/andre/Documentos/SUI/node_modules/router/index.js:582:12)[39m
[31m    at next (/home/andre/Documentos/SUI/node_modules/router/index.js:291:5)[39m
[31m    at /home/andre/Documentos/SUI/node_modules/router/index.js:688:15[39m
[31m    at next (/home/andre/Documentos/SUI/node_modules/router/index.js:276:14)[39m
[31m    at Function.handle (/home/andre/Documentos/SUI/node_modules/router/index.js:186:3)[39m
[31m    at router (/home/andre/Documentos/SUI/node_modules/router/index.js:60:12)[39m
2025-05-13 21:38:31:3831 [32minfo[39m: [32m::1 - - [14/May/2025:00:38:31 +0000] "GET /api/auth/login HTTP/1.1" 404 960 "-" "PostmanRuntime/7.43.4"[39m
2025-05-13 21:38:34:3834 [31merror[39m: [31mApiError: Rota não encontrada: /api/auth/login[39m
[31mStack: ApiError: Rota não encontrada: /api/auth/login[39m
[31m    at notFoundHandler (/home/andre/Documentos/SUI/middleware/errorHandler.js:38:17)[39m
[31m    at Layer.handleRequest (/home/andre/Documentos/SUI/node_modules/router/lib/layer.js:152:17)[39m
[31m    at trimPrefix (/home/andre/Documentos/SUI/node_modules/router/index.js:342:13)[39m
[31m    at /home/andre/Documentos/SUI/node_modules/router/index.js:297:9[39m
[31m    at processParams (/home/andre/Documentos/SUI/node_modules/router/index.js:582:12)[39m
[31m    at next (/home/andre/Documentos/SUI/node_modules/router/index.js:291:5)[39m
[31m    at /home/andre/Documentos/SUI/node_modules/router/index.js:688:15[39m
[31m    at next (/home/andre/Documentos/SUI/node_modules/router/index.js:276:14)[39m
[31m    at Function.handle (/home/andre/Documentos/SUI/node_modules/router/index.js:186:3)[39m
[31m    at router (/home/andre/Documentos/SUI/node_modules/router/index.js:60:12)[39m
2025-05-13 21:38:34:3834 [32minfo[39m: [32m::1 - - [14/May/2025:00:38:34 +0000] "GET /api/auth/login HTTP/1.1" 404 960 "-" "PostmanRuntime/7.43.4"[39m
2025-05-13 21:38:58:3858 [31merror[39m: [31mApiError: Rota não encontrada: /api/auth/login[39m
[31mStack: ApiError: Rota não encontrada: /api/auth/login[39m
[31m    at notFoundHandler (/home/andre/Documentos/SUI/middleware/errorHandler.js:38:17)[39m
[31m    at Layer.handleRequest (/home/andre/Documentos/SUI/node_modules/router/lib/layer.js:152:17)[39m
[31m    at trimPrefix (/home/andre/Documentos/SUI/node_modules/router/index.js:342:13)[39m
[31m    at /home/andre/Documentos/SUI/node_modules/router/index.js:297:9[39m
[31m    at processParams (/home/andre/Documentos/SUI/node_modules/router/index.js:582:12)[39m
[31m    at next (/home/andre/Documentos/SUI/node_modules/router/index.js:291:5)[39m
[31m    at /home/andre/Documentos/SUI/node_modules/router/index.js:688:15[39m
[31m    at next (/home/andre/Documentos/SUI/node_modules/router/index.js:276:14)[39m
[31m    at Function.handle (/home/andre/Documentos/SUI/node_modules/router/index.js:186:3)[39m
[31m    at router (/home/andre/Documentos/SUI/node_modules/router/index.js:60:12)[39m
2025-05-13 21:38:58:3858 [32minfo[39m: [32m::1 - - [14/May/2025:00:38:58 +0000] "GET /api/auth/login HTTP/1.1" 404 960 "-" "PostmanRuntime/7.43.4"[39m
2025-05-13 21:39:16:3916 [31merror[39m: [31mApiError: Rota não encontrada: /api/auth/login[39m
[31mStack: ApiError: Rota não encontrada: /api/auth/login[39m
[31m    at notFoundHandler (/home/andre/Documentos/SUI/middleware/errorHandler.js:38:17)[39m
[31m    at Layer.handleRequest (/home/andre/Documentos/SUI/node_modules/router/lib/layer.js:152:17)[39m
[31m    at trimPrefix (/home/andre/Documentos/SUI/node_modules/router/index.js:342:13)[39m
[31m    at /home/andre/Documentos/SUI/node_modules/router/index.js:297:9[39m
[31m    at processParams (/home/andre/Documentos/SUI/node_modules/router/index.js:582:12)[39m
[31m    at next (/home/andre/Documentos/SUI/node_modules/router/index.js:291:5)[39m
[31m    at /home/andre/Documentos/SUI/node_modules/router/index.js:688:15[39m
[31m    at next (/home/andre/Documentos/SUI/node_modules/router/index.js:276:14)[39m
[31m    at Function.handle (/home/andre/Documentos/SUI/node_modules/router/index.js:186:3)[39m
[31m    at router (/home/andre/Documentos/SUI/node_modules/router/index.js:60:12)[39m
2025-05-13 21:39:16:3916 [32minfo[39m: [32m::1 - - [14/May/2025:00:39:16 +0000] "GET /api/auth/login HTTP/1.1" 404 960 "-" "PostmanRuntime/7.43.4"[39m
2025-05-13 21:39:41:3941 [31merror[39m: [31mApiError: Rota não encontrada: /api/auth/login[39m
[31mStack: ApiError: Rota não encontrada: /api/auth/login[39m
[31m    at notFoundHandler (/home/andre/Documentos/SUI/middleware/errorHandler.js:38:17)[39m
[31m    at Layer.handleRequest (/home/andre/Documentos/SUI/node_modules/router/lib/layer.js:152:17)[39m
[31m    at trimPrefix (/home/andre/Documentos/SUI/node_modules/router/index.js:342:13)[39m
[31m    at /home/andre/Documentos/SUI/node_modules/router/index.js:297:9[39m
[31m    at processParams (/home/andre/Documentos/SUI/node_modules/router/index.js:582:12)[39m
[31m    at next (/home/andre/Documentos/SUI/node_modules/router/index.js:291:5)[39m
[31m    at /home/andre/Documentos/SUI/node_modules/router/index.js:688:15[39m
[31m    at next (/home/andre/Documentos/SUI/node_modules/router/index.js:276:14)[39m
[31m    at Function.handle (/home/andre/Documentos/SUI/node_modules/router/index.js:186:3)[39m
[31m    at router (/home/andre/Documentos/SUI/node_modules/router/index.js:60:12)[39m
2025-05-13 21:39:41:3941 [32minfo[39m: [32m::1 - - [14/May/2025:00:39:41 +0000] "GET /api/auth/login HTTP/1.1" 404 960 "-" "PostmanRuntime/7.43.4"[39m
2025-05-13 21:39:44:3944 [31merror[39m: [31mApiError: Rota não encontrada: /api/auth[39m
[31mStack: ApiError: Rota não encontrada: /api/auth[39m
[31m    at notFoundHandler (/home/andre/Documentos/SUI/middleware/errorHandler.js:38:17)[39m
[31m    at Layer.handleRequest (/home/andre/Documentos/SUI/node_modules/router/lib/layer.js:152:17)[39m
[31m    at trimPrefix (/home/andre/Documentos/SUI/node_modules/router/index.js:342:13)[39m
[31m    at /home/andre/Documentos/SUI/node_modules/router/index.js:297:9[39m
[31m    at processParams (/home/andre/Documentos/SUI/node_modules/router/index.js:582:12)[39m
[31m    at next (/home/andre/Documentos/SUI/node_modules/router/index.js:291:5)[39m
[31m    at /home/andre/Documentos/SUI/node_modules/router/index.js:688:15[39m
[31m    at next (/home/andre/Documentos/SUI/node_modules/router/index.js:276:14)[39m
[31m    at Function.handle (/home/andre/Documentos/SUI/node_modules/router/index.js:186:3)[39m
[31m    at router (/home/andre/Documentos/SUI/node_modules/router/index.js:60:12)[39m
2025-05-13 21:39:44:3944 [32minfo[39m: [32m::1 - - [14/May/2025:00:39:44 +0000] "GET /api/auth HTTP/1.1" 404 948 "-" "PostmanRuntime/7.43.4"[39m
2025-05-13 21:40:21:4021 [31merror[39m: [31mApiError: Rota não encontrada: /api/login[39m
[31mStack: ApiError: Rota não encontrada: /api/login[39m
[31m    at notFoundHandler (/home/andre/Documentos/SUI/middleware/errorHandler.js:38:17)[39m
[31m    at Layer.handleRequest (/home/andre/Documentos/SUI/node_modules/router/lib/layer.js:152:17)[39m
[31m    at trimPrefix (/home/andre/Documentos/SUI/node_modules/router/index.js:342:13)[39m
[31m    at /home/andre/Documentos/SUI/node_modules/router/index.js:297:9[39m
[31m    at processParams (/home/andre/Documentos/SUI/node_modules/router/index.js:582:12)[39m
[31m    at next (/home/andre/Documentos/SUI/node_modules/router/index.js:291:5)[39m
[31m    at urlencodedParser (/home/andre/Documentos/SUI/node_modules/body-parser/lib/types/urlencoded.js:57:7)[39m
[31m    at Layer.handleRequest (/home/andre/Documentos/SUI/node_modules/router/lib/layer.js:152:17)[39m
[31m    at trimPrefix (/home/andre/Documentos/SUI/node_modules/router/index.js:342:13)[39m
[31m    at /home/andre/Documentos/SUI/node_modules/router/index.js:297:9[39m
2025-05-13 21:40:21:4021 [32minfo[39m: [32m::1 - - [14/May/2025:00:40:21 +0000] "GET /api/login HTTP/1.1" 404 993 "-" "PostmanRuntime/7.43.4"[39m
2025-05-13 21:41:08:418 [31merror[39m: [31mTypeError: Cannot mix BigInt and other types, use explicit conversions[39m
[31mStack: TypeError: Cannot mix BigInt and other types, use explicit conversions[39m
[31m    at listarTodos (/home/andre/Documentos/SUI/controllers/servicoController.js:46:44)[39m
[31m    at process.processTicksAndRejections (node:internal/process/task_queues:95:5)[39m
2025-05-13 21:41:08:418 [32minfo[39m: [32m::1 - - [14/May/2025:00:41:08 +0000] "GET /api/servicos HTTP/1.1" 500 359 "-" "PostmanRuntime/7.43.4"[39m
2025-05-13 21:42:56:4256 [31merror[39m: [31mApiError: Token de autenticação não fornecido[39m
[31mStack: ApiError: Token de autenticação não fornecido[39m
[31m    at authMiddleware (/home/andre/Documentos/SUI/middleware/authMiddleware.js:12:13)[39m
[31m    at Layer.handleRequest (/home/andre/Documentos/SUI/node_modules/router/lib/layer.js:152:17)[39m
[31m    at next (/home/andre/Documentos/SUI/node_modules/router/lib/route.js:157:13)[39m
[31m    at Route.dispatch (/home/andre/Documentos/SUI/node_modules/router/lib/route.js:117:3)[39m
[31m    at handle (/home/andre/Documentos/SUI/node_modules/router/index.js:435:11)[39m
[31m    at Layer.handleRequest (/home/andre/Documentos/SUI/node_modules/router/lib/layer.js:152:17)[39m
[31m    at /home/andre/Documentos/SUI/node_modules/router/index.js:295:15[39m
[31m    at processParams (/home/andre/Documentos/SUI/node_modules/router/index.js:582:12)[39m
[31m    at next (/home/andre/Documentos/SUI/node_modules/router/index.js:291:5)[39m
[31m    at Function.handle (/home/andre/Documentos/SUI/node_modules/router/index.js:186:3)[39m
2025-05-13 21:42:56:4256 [32minfo[39m: [32m::1 - - [14/May/2025:00:42:56 +0000] "POST /api/servicos HTTP/1.1" 401 1002 "-" "PostmanRuntime/7.43.4"[39m
2025-05-13 21:45:00:450 [32minfo[39m: [32mServidor rodando na porta 3000[39m
2025-05-13 21:48:52:4852 [31merror[39m: [31mTypeError: Cannot mix BigInt and other types, use explicit conversions[39m
[31mStack: TypeError: Cannot mix BigInt and other types, use explicit conversions[39m
[31m    at listarTodos (/home/andre/Documentos/SUI/controllers/servicoController.js:46:44)[39m
[31m    at process.processTicksAndRejections (node:internal/process/task_queues:95:5)[39m
2025-05-13 21:48:52:4852 [32minfo[39m: [32m::1 - - [14/May/2025:00:48:52 +0000] "GET /api/servicos HTTP/1.1" 500 359 "-" "PostmanRuntime/7.43.4"[39m
2025-05-13 21:53:45:5345 [31merror[39m: [31mTypeError: Cannot mix BigInt and other types, use explicit conversions[39m
[31mStack: TypeError: Cannot mix BigInt and other types, use explicit conversions[39m
[31m    at listarTodos (/home/andre/Documentos/SUI/controllers/servicoController.js:46:44)[39m
[31m    at process.processTicksAndRejections (node:internal/process/task_queues:95:5)[39m
2025-05-13 21:53:45:5345 [32minfo[39m: [32m::1 - - [14/May/2025:00:53:45 +0000] "GET /api/servicos HTTP/1.1" 500 359 "-" "PostmanRuntime/7.43.4"[39m
2025-05-13 21:53:48:5348 [31merror[39m: [31mTypeError: Cannot mix BigInt and other types, use explicit conversions[39m
[31mStack: TypeError: Cannot mix BigInt and other types, use explicit conversions[39m
[31m    at listarTodos (/home/andre/Documentos/SUI/controllers/servicoController.js:46:44)[39m
[31m    at process.processTicksAndRejections (node:internal/process/task_queues:95:5)[39m
2025-05-13 21:53:48:5348 [32minfo[39m: [32m::1 - - [14/May/2025:00:53:48 +0000] "GET /api/servicos HTTP/1.1" 500 359 "-" "PostmanRuntime/7.43.4"[39m
2025-05-13 21:54:24:5424 [32minfo[39m: [32mServidor rodando na porta 3000[39m
2025-05-13 21:55:25:5525 [31merror[39m: [31mTypeError: Do not know how to serialize a BigInt[39m
[31mStack: TypeError: Do not know how to serialize a BigInt[39m
[31m    at JSON.stringify (<anonymous>)[39m
[31m    at stringify (/home/andre/Documentos/SUI/node_modules/express/lib/response.js:1020:12)[39m
[31m    at ServerResponse.json (/home/andre/Documentos/SUI/node_modules/express/lib/response.js:243:14)[39m
[31m    at listarTodos (/home/andre/Documentos/SUI/controllers/servicoController.js:48:11)[39m
[31m    at process.processTicksAndRejections (node:internal/process/task_queues:95:5)[39m
2025-05-13 21:55:25:5525 [32minfo[39m: [32m::1 - - [14/May/2025:00:55:25 +0000] "GET /api/servicos HTTP/1.1" 500 545 "-" "PostmanRuntime/7.43.4"[39m
2025-05-13 21:55:41:5541 [31merror[39m: [31mTypeError: Do not know how to serialize a BigInt[39m
[31mStack: TypeError: Do not know how to serialize a BigInt[39m
[31m    at JSON.stringify (<anonymous>)[39m
[31m    at stringify (/home/andre/Documentos/SUI/node_modules/express/lib/response.js:1020:12)[39m
[31m    at ServerResponse.json (/home/andre/Documentos/SUI/node_modules/express/lib/response.js:243:14)[39m
[31m    at listarTodos (/home/andre/Documentos/SUI/controllers/servicoController.js:48:11)[39m
[31m    at process.processTicksAndRejections (node:internal/process/task_queues:95:5)[39m
2025-05-13 21:55:41:5541 [32minfo[39m: [32m::1 - - [14/May/2025:00:55:41 +0000] "GET /api/servicos HTTP/1.1" 500 545 "-" "PostmanRuntime/7.43.4"[39m
2025-05-13 21:55:54:5554 [32minfo[39m: [32mServidor rodando na porta 3000[39m
2025-05-13 21:55:58:5558 [31merror[39m: [31mTypeError: Do not know how to serialize a BigInt[39m
[31mStack: TypeError: Do not know how to serialize a BigInt[39m
[31m    at JSON.stringify (<anonymous>)[39m
[31m    at stringify (/home/andre/Documentos/SUI/node_modules/express/lib/response.js:1020:12)[39m
[31m    at ServerResponse.json (/home/andre/Documentos/SUI/node_modules/express/lib/response.js:243:14)[39m
[31m    at listarTodos (/home/andre/Documentos/SUI/controllers/servicoController.js:48:11)[39m
[31m    at process.processTicksAndRejections (node:internal/process/task_queues:95:5)[39m
2025-05-13 21:55:58:5558 [32minfo[39m: [32m::1 - - [14/May/2025:00:55:58 +0000] "GET /api/servicos HTTP/1.1" 500 545 "-" "PostmanRuntime/7.43.4"[39m
2025-05-13 21:58:51:5851 [31merror[39m: [31mTypeError: Do not know how to serialize a BigInt[39m
[31mStack: TypeError: Do not know how to serialize a BigInt[39m
[31m    at JSON.stringify (<anonymous>)[39m
[31m    at stringify (/home/andre/Documentos/SUI/node_modules/express/lib/response.js:1020:12)[39m
[31m    at ServerResponse.json (/home/andre/Documentos/SUI/node_modules/express/lib/response.js:243:14)[39m
[31m    at listarTodos (/home/andre/Documentos/SUI/controllers/servicoController.js:48:11)[39m
[31m    at process.processTicksAndRejections (node:internal/process/task_queues:95:5)[39m
2025-05-13 21:58:51:5851 [32minfo[39m: [32m::1 - - [14/May/2025:00:58:51 +0000] "GET /api/servicos HTTP/1.1" 500 545 "-" "PostmanRuntime/7.43.4"[39m
2025-05-13 21:58:59:5859 [32minfo[39m: [32mServidor rodando na porta 3000[39m
2025-05-13 21:59:05:595 [32minfo[39m: [32m::1 - - [14/May/2025:00:59:05 +0000] "GET /api/servicos HTTP/1.1" 200 3050 "-" "PostmanRuntime/7.43.4"[39m
2025-05-13 22:00:01:01 [32minfo[39m: [32m::1 - - [14/May/2025:01:00:01 +0000] "GET /api/servicos/destaques HTTP/1.1" 200 26 "-" "PostmanRuntime/7.43.4"[39m
2025-05-13 22:00:24:024 [31merror[39m: [31mTypeError: Do not know how to serialize a BigInt[39m
[31mStack: TypeError: Do not know how to serialize a BigInt[39m
[31m    at JSON.stringify (<anonymous>)[39m
[31m    at stringify (/home/andre/Documentos/SUI/node_modules/express/lib/response.js:1020:12)[39m
[31m    at ServerResponse.json (/home/andre/Documentos/SUI/node_modules/express/lib/response.js:243:14)[39m
[31m    at /home/andre/Documentos/SUI/routes/categoriasRoute.js:11:9[39m
[31m    at process.processTicksAndRejections (node:internal/process/task_queues:95:5)[39m
2025-05-13 22:00:24:024 [32minfo[39m: [32m::1 - - [14/May/2025:01:00:24 +0000] "GET /api/categorias HTTP/1.1" 500 523 "-" "PostmanRuntime/7.43.4"[39m
2025-05-13 22:06:26:626 [32minfo[39m: [32mServidor rodando na porta 3000[39m
2025-05-13 22:06:30:630 [31merror[39m: [31mTypeError: Do not know how to serialize a BigInt[39m
[31mStack: TypeError: Do not know how to serialize a BigInt[39m
[31m    at JSON.stringify (<anonymous>)[39m
[31m    at stringify (/home/andre/Documentos/SUI/node_modules/express/lib/response.js:1020:12)[39m
[31m    at ServerResponse.json (/home/andre/Documentos/SUI/node_modules/express/lib/response.js:243:14)[39m
[31m    at /home/andre/Documentos/SUI/routes/categoriasRoute.js:11:9[39m
[31m    at process.processTicksAndRejections (node:internal/process/task_queues:95:5)[39m
2025-05-13 22:06:30:630 [32minfo[39m: [32m::1 - - [14/May/2025:01:06:30 +0000] "GET /api/categorias HTTP/1.1" 500 523 "-" "PostmanRuntime/7.43.4"[39m
2025-05-13 22:06:33:633 [31merror[39m: [31mTypeError: Do not know how to serialize a BigInt[39m
[31mStack: TypeError: Do not know how to serialize a BigInt[39m
[31m    at JSON.stringify (<anonymous>)[39m
[31m    at stringify (/home/andre/Documentos/SUI/node_modules/express/lib/response.js:1020:12)[39m
[31m    at ServerResponse.json (/home/andre/Documentos/SUI/node_modules/express/lib/response.js:243:14)[39m
[31m    at /home/andre/Documentos/SUI/routes/categoriasRoute.js:11:9[39m
[31m    at process.processTicksAndRejections (node:internal/process/task_queues:95:5)[39m
2025-05-13 22:06:33:633 [32minfo[39m: [32m::1 - - [14/May/2025:01:06:33 +0000] "GET /api/categorias HTTP/1.1" 500 523 "-" "PostmanRuntime/7.43.4"[39m
2025-05-13 22:13:15:1315 [32minfo[39m: [32mServidor rodando na porta 3000[39m
2025-05-13 22:13:19:1319 [31merror[39m: [31mTypeError: Do not know how to serialize a BigInt[39m
[31mStack: TypeError: Do not know how to serialize a BigInt[39m
[31m    at JSON.stringify (<anonymous>)[39m
[31m    at stringify (/home/andre/Documentos/SUI/node_modules/express/lib/response.js:1020:12)[39m
[31m    at ServerResponse.json (/home/andre/Documentos/SUI/node_modules/express/lib/response.js:243:14)[39m
[31m    at /home/andre/Documentos/SUI/routes/categoriasRoute.js:11:9[39m
[31m    at process.processTicksAndRejections (node:internal/process/task_queues:95:5)[39m
2025-05-13 22:13:19:1319 [32minfo[39m: [32m::1 - - [14/May/2025:01:13:19 +0000] "GET /api/categorias HTTP/1.1" 500 523 "-" "PostmanRuntime/7.43.4"[39m
2025-05-13 22:15:05:155 [32minfo[39m: [32mServidor rodando na porta 3000[39m
2025-05-13 22:15:11:1511 [31merror[39m: [31mTypeError: Do not know how to serialize a BigInt[39m
[31mStack: TypeError: Do not know how to serialize a BigInt[39m
[31m    at JSON.stringify (<anonymous>)[39m
[31m    at stringify (/home/andre/Documentos/SUI/node_modules/express/lib/response.js:1020:12)[39m
[31m    at ServerResponse.json (/home/andre/Documentos/SUI/node_modules/express/lib/response.js:243:14)[39m
[31m    at /home/andre/Documentos/SUI/routes/categoriasRoute.js:11:9[39m
[31m    at process.processTicksAndRejections (node:internal/process/task_queues:95:5)[39m
2025-05-13 22:15:11:1511 [32minfo[39m: [32m::1 - - [14/May/2025:01:15:11 +0000] "GET /api/categorias HTTP/1.1" 500 523 "-" "PostmanRuntime/7.43.4"[39m
2025-05-13 22:18:25:1825 [32minfo[39m: [32mServidor rodando na porta 3000[39m
2025-05-13 22:18:30:1830 [32minfo[39m: [32m::1 - - [14/May/2025:01:18:30 +0000] "GET /api/categorias HTTP/1.1" 200 522 "-" "PostmanRuntime/7.43.4"[39m
2025-05-13 22:19:17:1917 [31merror[39m: [31mApiError: Rota não encontrada: /api/locais/servicos[39m
[31mStack: ApiError: Rota não encontrada: /api/locais/servicos[39m
[31m    at notFoundHandler (/home/andre/Documentos/SUI/middleware/errorHandler.js:38:17)[39m
[31m    at Layer.handleRequest (/home/andre/Documentos/SUI/node_modules/router/lib/layer.js:152:17)[39m
[31m    at trimPrefix (/home/andre/Documentos/SUI/node_modules/router/index.js:342:13)[39m
[31m    at /home/andre/Documentos/SUI/node_modules/router/index.js:297:9[39m
[31m    at processParams (/home/andre/Documentos/SUI/node_modules/router/index.js:582:12)[39m
[31m    at next (/home/andre/Documentos/SUI/node_modules/router/index.js:291:5)[39m
[31m    at /home/andre/Documentos/SUI/node_modules/router/index.js:688:15[39m
[31m    at next (/home/andre/Documentos/SUI/node_modules/router/index.js:276:14)[39m
[31m    at Function.handle (/home/andre/Documentos/SUI/node_modules/router/index.js:186:3)[39m
[31m    at router (/home/andre/Documentos/SUI/node_modules/router/index.js:60:12)[39m
2025-05-13 22:19:17:1917 [32minfo[39m: [32m::1 - - [14/May/2025:01:19:17 +0000] "GET /api/locais/servicos HTTP/1.1" 404 970 "-" "PostmanRuntime/7.43.4"[39m
2025-05-13 22:19:22:1922 [31merror[39m: [31mApiError: Rota não encontrada: /api/locais/servico[39m
[31mStack: ApiError: Rota não encontrada: /api/locais/servico[39m
[31m    at notFoundHandler (/home/andre/Documentos/SUI/middleware/errorHandler.js:38:17)[39m
[31m    at Layer.handleRequest (/home/andre/Documentos/SUI/node_modules/router/lib/layer.js:152:17)[39m
[31m    at trimPrefix (/home/andre/Documentos/SUI/node_modules/router/index.js:342:13)[39m
[31m    at /home/andre/Documentos/SUI/node_modules/router/index.js:297:9[39m
[31m    at processParams (/home/andre/Documentos/SUI/node_modules/router/index.js:582:12)[39m
[31m    at next (/home/andre/Documentos/SUI/node_modules/router/index.js:291:5)[39m
[31m    at /home/andre/Documentos/SUI/node_modules/router/index.js:688:15[39m
[31m    at next (/home/andre/Documentos/SUI/node_modules/router/index.js:276:14)[39m
[31m    at Function.handle (/home/andre/Documentos/SUI/node_modules/router/index.js:186:3)[39m
[31m    at router (/home/andre/Documentos/SUI/node_modules/router/index.js:60:12)[39m
2025-05-13 22:19:22:1922 [32minfo[39m: [32m::1 - - [14/May/2025:01:19:22 +0000] "GET /api/locais/servico HTTP/1.1" 404 968 "-" "PostmanRuntime/7.43.4"[39m
2025-05-13 22:19:28:1928 [32minfo[39m: [32m::1 - - [14/May/2025:01:19:28 +0000] "GET /api/locais/servico/1 HTTP/1.1" 200 474 "-" "PostmanRuntime/7.43.4"[39m
2025-05-13 22:19:45:1945 [31merror[39m: [31mApiError: Rota não encontrada: /api/servico[39m
[31mStack: ApiError: Rota não encontrada: /api/servico[39m
[31m    at notFoundHandler (/home/andre/Documentos/SUI/middleware/errorHandler.js:38:17)[39m
[31m    at Layer.handleRequest (/home/andre/Documentos/SUI/node_modules/router/lib/layer.js:152:17)[39m
[31m    at trimPrefix (/home/andre/Documentos/SUI/node_modules/router/index.js:342:13)[39m
[31m    at /home/andre/Documentos/SUI/node_modules/router/index.js:297:9[39m
[31m    at processParams (/home/andre/Documentos/SUI/node_modules/router/index.js:582:12)[39m
[31m    at next (/home/andre/Documentos/SUI/node_modules/router/index.js:291:5)[39m
[31m    at urlencodedParser (/home/andre/Documentos/SUI/node_modules/body-parser/lib/types/urlencoded.js:68:7)[39m
[31m    at Layer.handleRequest (/home/andre/Documentos/SUI/node_modules/router/lib/layer.js:152:17)[39m
[31m    at trimPrefix (/home/andre/Documentos/SUI/node_modules/router/index.js:342:13)[39m
[31m    at /home/andre/Documentos/SUI/node_modules/router/index.js:297:9[39m
2025-05-13 22:19:45:1945 [32minfo[39m: [32m::1 - - [14/May/2025:01:19:45 +0000] "GET /api/servico HTTP/1.1" 404 997 "-" "PostmanRuntime/7.43.4"[39m
2025-05-13 22:19:48:1948 [32minfo[39m: [32m::1 - - [14/May/2025:01:19:48 +0000] "GET /api/servicos HTTP/1.1" 200 3050 "-" "PostmanRuntime/7.43.4"[39m
2025-05-13 22:20:01:201 [32minfo[39m: [32m::1 - - [14/May/2025:01:20:01 +0000] "GET /api/locais/servico/1 HTTP/1.1" 200 474 "-" "PostmanRuntime/7.43.4"[39m
2025-05-13 22:20:21:2021 [32minfo[39m: [32m::1 - - [14/May/2025:01:20:21 +0000] "GET /api/faq/servico/1 HTTP/1.1" 200 26 "-" "PostmanRuntime/7.43.4"[39m
2025-05-13 22:26:06:266 [31merror[39m: [31mApiError: Rota não encontrada: /api/auth/login[39m
[31mStack: ApiError: Rota não encontrada: /api/auth/login[39m
[31m    at notFoundHandler (/home/andre/Documentos/SUI/middleware/errorHandler.js:38:17)[39m
[31m    at Layer.handleRequest (/home/andre/Documentos/SUI/node_modules/router/lib/layer.js:152:17)[39m
[31m    at trimPrefix (/home/andre/Documentos/SUI/node_modules/router/index.js:342:13)[39m
[31m    at /home/andre/Documentos/SUI/node_modules/router/index.js:297:9[39m
[31m    at processParams (/home/andre/Documentos/SUI/node_modules/router/index.js:582:12)[39m
[31m    at next (/home/andre/Documentos/SUI/node_modules/router/index.js:291:5)[39m
[31m    at /home/andre/Documentos/SUI/node_modules/router/index.js:688:15[39m
[31m    at next (/home/andre/Documentos/SUI/node_modules/router/index.js:276:14)[39m
[31m    at Function.handle (/home/andre/Documentos/SUI/node_modules/router/index.js:186:3)[39m
[31m    at router (/home/andre/Documentos/SUI/node_modules/router/index.js:60:12)[39m
2025-05-13 22:26:06:266 [32minfo[39m: [32m::1 - - [14/May/2025:01:26:06 +0000] "GET /api/auth/login HTTP/1.1" 404 960 "-" "PostmanRuntime/7.43.4"[39m
2025-05-13 22:26:39:2639 [31merror[39m: [31mApiError: Rota não encontrada: /api/auth/login[39m
[31mStack: ApiError: Rota não encontrada: /api/auth/login[39m
[31m    at notFoundHandler (/home/andre/Documentos/SUI/middleware/errorHandler.js:38:17)[39m
[31m    at Layer.handleRequest (/home/andre/Documentos/SUI/node_modules/router/lib/layer.js:152:17)[39m
[31m    at trimPrefix (/home/andre/Documentos/SUI/node_modules/router/index.js:342:13)[39m
[31m    at /home/andre/Documentos/SUI/node_modules/router/index.js:297:9[39m
[31m    at processParams (/home/andre/Documentos/SUI/node_modules/router/index.js:582:12)[39m
[31m    at next (/home/andre/Documentos/SUI/node_modules/router/index.js:291:5)[39m
[31m    at /home/andre/Documentos/SUI/node_modules/router/index.js:688:15[39m
[31m    at next (/home/andre/Documentos/SUI/node_modules/router/index.js:276:14)[39m
[31m    at Function.handle (/home/andre/Documentos/SUI/node_modules/router/index.js:186:3)[39m
[31m    at router (/home/andre/Documentos/SUI/node_modules/router/index.js:60:12)[39m
2025-05-13 22:26:39:2639 [32minfo[39m: [32m::1 - - [14/May/2025:01:26:39 +0000] "GET /api/auth/login HTTP/1.1" 404 960 "-" "PostmanRuntime/7.43.4"[39m
2025-05-13 22:26:45:2645 [31merror[39m: [31mApiError: Credenciais inválidas[39m
[31mStack: ApiError: Credenciais inválidas[39m
[31m    at login (/home/andre/Documentos/SUI/controllers/authController.js:42:15)[39m
2025-05-13 22:26:45:2645 [32minfo[39m: [32m::1 - - [14/May/2025:01:26:45 +0000] "POST /api/auth/login HTTP/1.1" 401 192 "-" "PostmanRuntime/7.43.4"[39m
2025-05-13 22:27:21:2721 [31merror[39m: [31mApiError: Credenciais inválidas[39m
[31mStack: ApiError: Credenciais inválidas[39m
[31m    at login (/home/andre/Documentos/SUI/controllers/authController.js:42:15)[39m
2025-05-13 22:27:21:2721 [32minfo[39m: [32m::1 - - [14/May/2025:01:27:21 +0000] "POST /api/auth/login HTTP/1.1" 401 192 "-" "PostmanRuntime/7.43.4"[39m
2025-05-13 22:34:18:3418 [31merror[39m: [31mApiError: Rota não encontrada: /api/auth/cadastro[39m
[31mStack: ApiError: Rota não encontrada: /api/auth/cadastro[39m
[31m    at notFoundHandler (/home/andre/Documentos/SUI/middleware/errorHandler.js:38:17)[39m
[31m    at Layer.handleRequest (/home/andre/Documentos/SUI/node_modules/router/lib/layer.js:152:17)[39m
[31m    at trimPrefix (/home/andre/Documentos/SUI/node_modules/router/index.js:342:13)[39m
[31m    at /home/andre/Documentos/SUI/node_modules/router/index.js:297:9[39m
[31m    at processParams (/home/andre/Documentos/SUI/node_modules/router/index.js:582:12)[39m
[31m    at next (/home/andre/Documentos/SUI/node_modules/router/index.js:291:5)[39m
[31m    at /home/andre/Documentos/SUI/node_modules/router/index.js:688:15[39m
[31m    at next (/home/andre/Documentos/SUI/node_modules/router/index.js:276:14)[39m
[31m    at Function.handle (/home/andre/Documentos/SUI/node_modules/router/index.js:186:3)[39m
[31m    at router (/home/andre/Documentos/SUI/node_modules/router/index.js:60:12)[39m
2025-05-13 22:34:18:3418 [32minfo[39m: [32m::1 - - [14/May/2025:01:34:18 +0000] "POST /api/auth/cadastro HTTP/1.1" 404 966 "-" "PostmanRuntime/7.43.4"[39m
2025-05-13 22:34:48:3448 [31merror[39m: [31mApiError: Token de autenticação não fornecido[39m
[31mStack: ApiError: Token de autenticação não fornecido[39m
[31m    at authMiddleware (/home/andre/Documentos/SUI/middleware/authMiddleware.js:12:13)[39m
[31m    at Layer.handleRequest (/home/andre/Documentos/SUI/node_modules/router/lib/layer.js:152:17)[39m
[31m    at next (/home/andre/Documentos/SUI/node_modules/router/lib/route.js:157:13)[39m
[31m    at Route.dispatch (/home/andre/Documentos/SUI/node_modules/router/lib/route.js:117:3)[39m
[31m    at handle (/home/andre/Documentos/SUI/node_modules/router/index.js:435:11)[39m
[31m    at Layer.handleRequest (/home/andre/Documentos/SUI/node_modules/router/lib/layer.js:152:17)[39m
[31m    at /home/andre/Documentos/SUI/node_modules/router/index.js:295:15[39m
[31m    at processParams (/home/andre/Documentos/SUI/node_modules/router/index.js:582:12)[39m
[31m    at next (/home/andre/Documentos/SUI/node_modules/router/index.js:291:5)[39m
[31m    at Function.handle (/home/andre/Documentos/SUI/node_modules/router/index.js:186:3)[39m
2025-05-13 22:34:48:3448 [32minfo[39m: [32m::1 - - [14/May/2025:01:34:48 +0000] "POST /api/auth/registrar HTTP/1.1" 401 1002 "-" "PostmanRuntime/7.43.4"[39m
2025-05-13 22:37:54:3754 [31merror[39m: [31mApiError: Token de autenticação não fornecido[39m
[31mStack: ApiError: Token de autenticação não fornecido[39m
[31m    at authMiddleware (/home/andre/Documentos/SUI/middleware/authMiddleware.js:12:13)[39m
[31m    at Layer.handleRequest (/home/andre/Documentos/SUI/node_modules/router/lib/layer.js:152:17)[39m
[31m    at next (/home/andre/Documentos/SUI/node_modules/router/lib/route.js:157:13)[39m
[31m    at Route.dispatch (/home/andre/Documentos/SUI/node_modules/router/lib/route.js:117:3)[39m
[31m    at handle (/home/andre/Documentos/SUI/node_modules/router/index.js:435:11)[39m
[31m    at Layer.handleRequest (/home/andre/Documentos/SUI/node_modules/router/lib/layer.js:152:17)[39m
[31m    at /home/andre/Documentos/SUI/node_modules/router/index.js:295:15[39m
[31m    at processParams (/home/andre/Documentos/SUI/node_modules/router/index.js:582:12)[39m
[31m    at next (/home/andre/Documentos/SUI/node_modules/router/index.js:291:5)[39m
[31m    at Function.handle (/home/andre/Documentos/SUI/node_modules/router/index.js:186:3)[39m
2025-05-13 22:37:54:3754 [32minfo[39m: [32m::1 - - [14/May/2025:01:37:54 +0000] "POST /api/auth/registrar HTTP/1.1" 401 1002 "-" "PostmanRuntime/7.43.4"[39m
2025-05-13 22:39:13:3913 [31merror[39m: [31mApiError: Token de autenticação não fornecido[39m
[31mStack: ApiError: Token de autenticação não fornecido[39m
[31m    at authMiddleware (/home/andre/Documentos/SUI/middleware/authMiddleware.js:12:13)[39m
[31m    at Layer.handleRequest (/home/andre/Documentos/SUI/node_modules/router/lib/layer.js:152:17)[39m
[31m    at next (/home/andre/Documentos/SUI/node_modules/router/lib/route.js:157:13)[39m
[31m    at Route.dispatch (/home/andre/Documentos/SUI/node_modules/router/lib/route.js:117:3)[39m
[31m    at handle (/home/andre/Documentos/SUI/node_modules/router/index.js:435:11)[39m
[31m    at Layer.handleRequest (/home/andre/Documentos/SUI/node_modules/router/lib/layer.js:152:17)[39m
[31m    at /home/andre/Documentos/SUI/node_modules/router/index.js:295:15[39m
[31m    at processParams (/home/andre/Documentos/SUI/node_modules/router/index.js:582:12)[39m
[31m    at next (/home/andre/Documentos/SUI/node_modules/router/index.js:291:5)[39m
[31m    at Function.handle (/home/andre/Documentos/SUI/node_modules/router/index.js:186:3)[39m
2025-05-13 22:39:13:3913 [32minfo[39m: [32m::1 - - [14/May/2025:01:39:13 +0000] "POST /api/auth/registrar HTTP/1.1" 401 1002 "-" "PostmanRuntime/7.43.4"[39m
2025-05-13 22:39:15:3915 [31merror[39m: [31mApiError: Token de autenticação não fornecido[39m
[31mStack: ApiError: Token de autenticação não fornecido[39m
[31m    at authMiddleware (/home/andre/Documentos/SUI/middleware/authMiddleware.js:12:13)[39m
[31m    at Layer.handleRequest (/home/andre/Documentos/SUI/node_modules/router/lib/layer.js:152:17)[39m
[31m    at next (/home/andre/Documentos/SUI/node_modules/router/lib/route.js:157:13)[39m
[31m    at Route.dispatch (/home/andre/Documentos/SUI/node_modules/router/lib/route.js:117:3)[39m
[31m    at handle (/home/andre/Documentos/SUI/node_modules/router/index.js:435:11)[39m
[31m    at Layer.handleRequest (/home/andre/Documentos/SUI/node_modules/router/lib/layer.js:152:17)[39m
[31m    at /home/andre/Documentos/SUI/node_modules/router/index.js:295:15[39m
[31m    at processParams (/home/andre/Documentos/SUI/node_modules/router/index.js:582:12)[39m
[31m    at next (/home/andre/Documentos/SUI/node_modules/router/index.js:291:5)[39m
[31m    at Function.handle (/home/andre/Documentos/SUI/node_modules/router/index.js:186:3)[39m
2025-05-13 22:39:15:3915 [32minfo[39m: [32m::1 - - [14/May/2025:01:39:15 +0000] "POST /api/auth/registrar HTTP/1.1" 401 1002 "-" "PostmanRuntime/7.43.4"[39m
2025-05-13 22:39:30:3930 [32minfo[39m: [32mServidor rodando na porta 3000[39m
2025-05-13 22:39:36:3936 [31merror[39m: [31mTypeError: Do not know how to serialize a BigInt[39m
[31mStack: TypeError: Do not know how to serialize a BigInt[39m
[31m    at JSON.stringify (<anonymous>)[39m
[31m    at stringify (/home/andre/Documentos/SUI/node_modules/express/lib/response.js:1020:12)[39m
[31m    at ServerResponse.json (/home/andre/Documentos/SUI/node_modules/express/lib/response.js:243:14)[39m
[31m    at registrar (/home/andre/Documentos/SUI/controllers/authController.js:138:23)[39m
[31m    at process.processTicksAndRejections (node:internal/process/task_queues:95:5)[39m
2025-05-13 22:39:36:3936 [32minfo[39m: [32m::1 - - [14/May/2025:01:39:36 +0000] "POST /api/auth/registrar HTTP/1.1" 500 541 "-" "PostmanRuntime/7.43.4"[39m
2025-05-13 22:43:16:4316 [32minfo[39m: [32m::1 - - [14/May/2025:01:43:16 +0000] "GET /api/categorias HTTP/1.1" 200 522 "-" "PostmanRuntime/7.43.4"[39m
2025-05-13 22:43:26:4326 [32minfo[39m: [32m::1 - - [14/May/2025:01:43:26 +0000] "GET /api/servicos HTTP/1.1" 200 3050 "-" "PostmanRuntime/7.43.4"[39m
2025-05-13 22:43:43:4343 [31merror[39m: [31mApiError: Rota não encontrada: /api/auth/registrar[39m
[31mStack: ApiError: Rota não encontrada: /api/auth/registrar[39m
[31m    at notFoundHandler (/home/andre/Documentos/SUI/middleware/errorHandler.js:38:17)[39m
[31m    at Layer.handleRequest (/home/andre/Documentos/SUI/node_modules/router/lib/layer.js:152:17)[39m
[31m    at trimPrefix (/home/andre/Documentos/SUI/node_modules/router/index.js:342:13)[39m
[31m    at /home/andre/Documentos/SUI/node_modules/router/index.js:297:9[39m
[31m    at processParams (/home/andre/Documentos/SUI/node_modules/router/index.js:582:12)[39m
[31m    at next (/home/andre/Documentos/SUI/node_modules/router/index.js:291:5)[39m
[31m    at /home/andre/Documentos/SUI/node_modules/router/index.js:688:15[39m
[31m    at next (/home/andre/Documentos/SUI/node_modules/router/index.js:276:14)[39m
[31m    at Function.handle (/home/andre/Documentos/SUI/node_modules/router/index.js:186:3)[39m
[31m    at router (/home/andre/Documentos/SUI/node_modules/router/index.js:60:12)[39m
2025-05-13 22:43:43:4343 [32minfo[39m: [32m::1 - - [14/May/2025:01:43:43 +0000] "GET /api/auth/registrar HTTP/1.1" 404 968 "-" "PostmanRuntime/7.43.4"[39m
2025-05-13 22:44:22:4422 [31merror[39m: [31mApiError: Rota não encontrada: /api/auth/registrar[39m
[31mStack: ApiError: Rota não encontrada: /api/auth/registrar[39m
[31m    at notFoundHandler (/home/andre/Documentos/SUI/middleware/errorHandler.js:38:17)[39m
[31m    at Layer.handleRequest (/home/andre/Documentos/SUI/node_modules/router/lib/layer.js:152:17)[39m
[31m    at trimPrefix (/home/andre/Documentos/SUI/node_modules/router/index.js:342:13)[39m
[31m    at /home/andre/Documentos/SUI/node_modules/router/index.js:297:9[39m
[31m    at processParams (/home/andre/Documentos/SUI/node_modules/router/index.js:582:12)[39m
[31m    at next (/home/andre/Documentos/SUI/node_modules/router/index.js:291:5)[39m
[31m    at /home/andre/Documentos/SUI/node_modules/router/index.js:688:15[39m
[31m    at next (/home/andre/Documentos/SUI/node_modules/router/index.js:276:14)[39m
[31m    at Function.handle (/home/andre/Documentos/SUI/node_modules/router/index.js:186:3)[39m
[31m    at router (/home/andre/Documentos/SUI/node_modules/router/index.js:60:12)[39m
2025-05-13 22:44:22:4422 [32minfo[39m: [32m::1 - - [14/May/2025:01:44:22 +0000] "GET /api/auth/registrar HTTP/1.1" 404 968 "-" "PostmanRuntime/7.43.4"[39m
2025-05-13 22:44:47:4447 [31merror[39m: [31mApiError: Email já está em uso[39m
[31mStack: ApiError: Email já está em uso[39m
[31m    at registrar (/home/andre/Documentos/SUI/controllers/authController.js:127:15)[39m
[31m    at process.processTicksAndRejections (node:internal/process/task_queues:95:5)[39m
2025-05-13 22:44:47:4447 [32minfo[39m: [32m::1 - - [14/May/2025:01:44:47 +0000] "POST /api/auth/registrar HTTP/1.1" 400 280 "-" "PostmanRuntime/7.43.4"[39m
2025-05-13 22:45:42:4542 [31merror[39m: [31mApiError: Rota não encontrada: /api/auth/login[39m
[31mStack: ApiError: Rota não encontrada: /api/auth/login[39m
[31m    at notFoundHandler (/home/andre/Documentos/SUI/middleware/errorHandler.js:38:17)[39m
[31m    at Layer.handleRequest (/home/andre/Documentos/SUI/node_modules/router/lib/layer.js:152:17)[39m
[31m    at trimPrefix (/home/andre/Documentos/SUI/node_modules/router/index.js:342:13)[39m
[31m    at /home/andre/Documentos/SUI/node_modules/router/index.js:297:9[39m
[31m    at processParams (/home/andre/Documentos/SUI/node_modules/router/index.js:582:12)[39m
[31m    at next (/home/andre/Documentos/SUI/node_modules/router/index.js:291:5)[39m
[31m    at /home/andre/Documentos/SUI/node_modules/router/index.js:688:15[39m
[31m    at next (/home/andre/Documentos/SUI/node_modules/router/index.js:276:14)[39m
[31m    at Function.handle (/home/andre/Documentos/SUI/node_modules/router/index.js:186:3)[39m
[31m    at router (/home/andre/Documentos/SUI/node_modules/router/index.js:60:12)[39m
2025-05-13 22:45:42:4542 [32minfo[39m: [32m::1 - - [14/May/2025:01:45:42 +0000] "GET /api/auth/login HTTP/1.1" 404 960 "-" "PostmanRuntime/7.43.4"[39m
2025-05-13 22:46:47:4647 [32minfo[39m: [32m::1 - - [14/May/2025:01:46:47 +0000] "POST /api/auth/login HTTP/1.1" 200 358 "-" "PostmanRuntime/7.43.4"[39m
2025-05-14 22:23:17:2317 [32minfo[39m: [32mServidor rodando na porta 3000[39m
2025-05-14 22:23:22:2322 [32minfo[39m: [32mServidor rodando na porta 3000[39m
2025-05-14 22:23:53:2353 [32minfo[39m: [32m::ffff:127.0.0.1 - - [15/May/2025:01:23:53 +0000] "GET / HTTP/1.1" 200 76 "-" "Mozilla/5.0 (Windows NT 10.0; Win64; x64; rv:138.0) Gecko/20100101 Firefox/138.0"[39m
2025-05-14 22:23:53:2353 [31merror[39m: [31mApiError: Rota não encontrada: /favicon.ico[39m
[31mStack: ApiError: Rota não encontrada: /favicon.ico[39m
[31m    at notFoundHandler (C:\Users\eduar\Documents\Workspace\Sistema Unificado de Informação\SUI\middleware\errorHandler.js:38:17)[39m
[31m    at Layer.handleRequest (C:\Users\eduar\Documents\Workspace\Sistema Unificado de Informação\SUI\node_modules\router\lib\layer.js:152:17)[39m
[31m    at trimPrefix (C:\Users\eduar\Documents\Workspace\Sistema Unificado de Informação\SUI\node_modules\router\index.js:342:13)[39m
[31m    at C:\Users\eduar\Documents\Workspace\Sistema Unificado de Informação\SUI\node_modules\router\index.js:297:9[39m
[31m    at processParams (C:\Users\eduar\Documents\Workspace\Sistema Unificado de Informação\SUI\node_modules\router\index.js:582:12)[39m
[31m    at next (C:\Users\eduar\Documents\Workspace\Sistema Unificado de Informação\SUI\node_modules\router\index.js:291:5)[39m
[31m    at urlencodedParser (C:\Users\eduar\Documents\Workspace\Sistema Unificado de Informação\SUI\node_modules\body-parser\lib\types\urlencoded.js:68:7)[39m
[31m    at Layer.handleRequest (C:\Users\eduar\Documents\Workspace\Sistema Unificado de Informação\SUI\node_modules\router\lib\layer.js:152:17)[39m
[31m    at trimPrefix (C:\Users\eduar\Documents\Workspace\Sistema Unificado de Informação\SUI\node_modules\router\index.js:342:13)[39m
[31m    at C:\Users\eduar\Documents\Workspace\Sistema Unificado de Informação\SUI\node_modules\router\index.js:297:9[39m
2025-05-14 22:23:53:2353 [32minfo[39m: [32m::ffff:127.0.0.1 - - [15/May/2025:01:23:53 +0000] "GET /favicon.ico HTTP/1.1" 404 1550 "http://localhost:3000/" "Mozilla/5.0 (Windows NT 10.0; Win64; x64; rv:138.0) Gecko/20100101 Firefox/138.0"[39m
2025-05-14 22:35:22:3522 [31merror[39m: [31mApiError: Rota não encontrada: /api/auth/registro[39m
[31mStack: ApiError: Rota não encontrada: /api/auth/registro[39m
[31m    at notFoundHandler (C:\Users\eduar\Documents\Workspace\Sistema Unificado de Informação\SUI\middleware\errorHandler.js:38:17)[39m
[31m    at Layer.handleRequest (C:\Users\eduar\Documents\Workspace\Sistema Unificado de Informação\SUI\node_modules\router\lib\layer.js:152:17)[39m
[31m    at trimPrefix (C:\Users\eduar\Documents\Workspace\Sistema Unificado de Informação\SUI\node_modules\router\index.js:342:13)[39m
[31m    at C:\Users\eduar\Documents\Workspace\Sistema Unificado de Informação\SUI\node_modules\router\index.js:297:9[39m
[31m    at processParams (C:\Users\eduar\Documents\Workspace\Sistema Unificado de Informação\SUI\node_modules\router\index.js:582:12)[39m
[31m    at next (C:\Users\eduar\Documents\Workspace\Sistema Unificado de Informação\SUI\node_modules\router\index.js:291:5)[39m
[31m    at C:\Users\eduar\Documents\Workspace\Sistema Unificado de Informação\SUI\node_modules\router\index.js:688:15[39m
[31m    at next (C:\Users\eduar\Documents\Workspace\Sistema Unificado de Informação\SUI\node_modules\router\index.js:276:14)[39m
[31m    at Function.handle (C:\Users\eduar\Documents\Workspace\Sistema Unificado de Informação\SUI\node_modules\router\index.js:186:3)[39m
[31m    at router (C:\Users\eduar\Documents\Workspace\Sistema Unificado de Informação\SUI\node_modules\router\index.js:60:12)[39m
2025-05-14 22:35:22:3522 [32minfo[39m: [32m::1 - - [15/May/2025:01:35:22 +0000] "GET /api/auth/registro HTTP/1.1" 404 1516 "-" "PostmanRuntime/7.43.4"[39m
2025-05-14 22:36:40:3640 [31merror[39m: [31mApiError: Rota não encontrada: /api/auth/registro[39m
[31mStack: ApiError: Rota não encontrada: /api/auth/registro[39m
[31m    at notFoundHandler (C:\Users\eduar\Documents\Workspace\Sistema Unificado de Informação\SUI\middleware\errorHandler.js:38:17)[39m
[31m    at Layer.handleRequest (C:\Users\eduar\Documents\Workspace\Sistema Unificado de Informação\SUI\node_modules\router\lib\layer.js:152:17)[39m
[31m    at trimPrefix (C:\Users\eduar\Documents\Workspace\Sistema Unificado de Informação\SUI\node_modules\router\index.js:342:13)[39m
[31m    at C:\Users\eduar\Documents\Workspace\Sistema Unificado de Informação\SUI\node_modules\router\index.js:297:9[39m
[31m    at processParams (C:\Users\eduar\Documents\Workspace\Sistema Unificado de Informação\SUI\node_modules\router\index.js:582:12)[39m
[31m    at next (C:\Users\eduar\Documents\Workspace\Sistema Unificado de Informação\SUI\node_modules\router\index.js:291:5)[39m
[31m    at C:\Users\eduar\Documents\Workspace\Sistema Unificado de Informação\SUI\node_modules\router\index.js:688:15[39m
[31m    at next (C:\Users\eduar\Documents\Workspace\Sistema Unificado de Informação\SUI\node_modules\router\index.js:276:14)[39m
[31m    at Function.handle (C:\Users\eduar\Documents\Workspace\Sistema Unificado de Informação\SUI\node_modules\router\index.js:186:3)[39m
[31m    at router (C:\Users\eduar\Documents\Workspace\Sistema Unificado de Informação\SUI\node_modules\router\index.js:60:12)[39m
2025-05-14 22:36:40:3640 [32minfo[39m: [32m::1 - - [15/May/2025:01:36:40 +0000] "GET /api/auth/registro HTTP/1.1" 404 1516 "-" "PostmanRuntime/7.43.4"[39m
2025-05-14 22:36:49:3649 [31merror[39m: [31mApiError: Rota não encontrada: /api/auth/registrar[39m
[31mStack: ApiError: Rota não encontrada: /api/auth/registrar[39m
[31m    at notFoundHandler (C:\Users\eduar\Documents\Workspace\Sistema Unificado de Informação\SUI\middleware\errorHandler.js:38:17)[39m
[31m    at Layer.handleRequest (C:\Users\eduar\Documents\Workspace\Sistema Unificado de Informação\SUI\node_modules\router\lib\layer.js:152:17)[39m
[31m    at trimPrefix (C:\Users\eduar\Documents\Workspace\Sistema Unificado de Informação\SUI\node_modules\router\index.js:342:13)[39m
[31m    at C:\Users\eduar\Documents\Workspace\Sistema Unificado de Informação\SUI\node_modules\router\index.js:297:9[39m
[31m    at processParams (C:\Users\eduar\Documents\Workspace\Sistema Unificado de Informação\SUI\node_modules\router\index.js:582:12)[39m
[31m    at next (C:\Users\eduar\Documents\Workspace\Sistema Unificado de Informação\SUI\node_modules\router\index.js:291:5)[39m
[31m    at C:\Users\eduar\Documents\Workspace\Sistema Unificado de Informação\SUI\node_modules\router\index.js:688:15[39m
[31m    at next (C:\Users\eduar\Documents\Workspace\Sistema Unificado de Informação\SUI\node_modules\router\index.js:276:14)[39m
[31m    at Function.handle (C:\Users\eduar\Documents\Workspace\Sistema Unificado de Informação\SUI\node_modules\router\index.js:186:3)[39m
[31m    at router (C:\Users\eduar\Documents\Workspace\Sistema Unificado de Informação\SUI\node_modules\router\index.js:60:12)[39m
2025-05-14 22:36:49:3649 [32minfo[39m: [32m::1 - - [15/May/2025:01:36:49 +0000] "GET /api/auth/registrar HTTP/1.1" 404 1518 "-" "PostmanRuntime/7.43.4"[39m
2025-05-14 22:37:11:3711 [31merror[39m: [31mErro ao executar query:[39m
2025-05-14 22:37:11:3711 [31merror[39m: [31mErro ao buscar usuário por email: self-signed certificate in certificate chain[39m
2025-05-14 22:37:11:3711 [31merror[39m: [31mError: self-signed certificate in certificate chain[39m
[31mStack: Error: self-signed certificate in certificate chain[39m
[31m    at C:\Users\eduar\Documents\Workspace\Sistema Unificado de Informação\SUI\node_modules\pg-pool\index.js:45:11[39m
[31m    at process.processTicksAndRejections (node:internal/process/task_queues:105:5)[39m
[31m    at async Object.query (C:\Users\eduar\Documents\Workspace\Sistema Unificado de Informação\SUI\config\dataBaseConfig.js:31:17)[39m
[31m    at async Usuario.buscarPorEmail (C:\Users\eduar\Documents\Workspace\Sistema Unificado de Informação\SUI\models\usuario.js:31:24)[39m
[31m    at async registrar (C:\Users\eduar\Documents\Workspace\Sistema Unificado de Informação\SUI\controllers\authController.js:125:32)[39m
2025-05-14 22:37:11:3711 [32minfo[39m: [32m::1 - - [15/May/2025:01:37:11 +0000] "POST /api/auth/registrar HTTP/1.1" 500 793 "-" "PostmanRuntime/7.43.4"[39m
2025-05-14 22:37:49:3749 [31merror[39m: [31mErro ao executar query:[39m
2025-05-14 22:37:49:3749 [31merror[39m: [31mErro ao buscar usuário por email: self-signed certificate in certificate chain[39m
2025-05-14 22:37:49:3749 [31merror[39m: [31mError: self-signed certificate in certificate chain[39m
[31mStack: Error: self-signed certificate in certificate chain[39m
[31m    at C:\Users\eduar\Documents\Workspace\Sistema Unificado de Informação\SUI\node_modules\pg-pool\index.js:45:11[39m
[31m    at process.processTicksAndRejections (node:internal/process/task_queues:105:5)[39m
[31m    at async Object.query (C:\Users\eduar\Documents\Workspace\Sistema Unificado de Informação\SUI\config\dataBaseConfig.js:31:17)[39m
[31m    at async Usuario.buscarPorEmail (C:\Users\eduar\Documents\Workspace\Sistema Unificado de Informação\SUI\models\usuario.js:31:24)[39m
[31m    at async registrar (C:\Users\eduar\Documents\Workspace\Sistema Unificado de Informação\SUI\controllers\authController.js:125:32)[39m
2025-05-14 22:37:49:3749 [32minfo[39m: [32m::1 - - [15/May/2025:01:37:49 +0000] "POST /api/auth/registrar HTTP/1.1" 500 793 "-" "PostmanRuntime/7.43.4"[39m
2025-05-14 22:38:56:3856 [31merror[39m: [31mApiError: Rota não encontrada: /api/registrar[39m
[31mStack: ApiError: Rota não encontrada: /api/registrar[39m
[31m    at notFoundHandler (C:\Users\eduar\Documents\Workspace\Sistema Unificado de Informação\SUI\middleware\errorHandler.js:38:17)[39m
[31m    at Layer.handleRequest (C:\Users\eduar\Documents\Workspace\Sistema Unificado de Informação\SUI\node_modules\router\lib\layer.js:152:17)[39m
[31m    at trimPrefix (C:\Users\eduar\Documents\Workspace\Sistema Unificado de Informação\SUI\node_modules\router\index.js:342:13)[39m
[31m    at C:\Users\eduar\Documents\Workspace\Sistema Unificado de Informação\SUI\node_modules\router\index.js:297:9[39m
[31m    at processParams (C:\Users\eduar\Documents\Workspace\Sistema Unificado de Informação\SUI\node_modules\router\index.js:582:12)[39m
[31m    at next (C:\Users\eduar\Documents\Workspace\Sistema Unificado de Informação\SUI\node_modules\router\index.js:291:5)[39m
[31m    at urlencodedParser (C:\Users\eduar\Documents\Workspace\Sistema Unificado de Informação\SUI\node_modules\body-parser\lib\types\urlencoded.js:57:7)[39m
[31m    at Layer.handleRequest (C:\Users\eduar\Documents\Workspace\Sistema Unificado de Informação\SUI\node_modules\router\lib\layer.js:152:17)[39m
[31m    at trimPrefix (C:\Users\eduar\Documents\Workspace\Sistema Unificado de Informação\SUI\node_modules\router\index.js:342:13)[39m
[31m    at C:\Users\eduar\Documents\Workspace\Sistema Unificado de Informação\SUI\node_modules\router\index.js:297:9[39m
2025-05-14 22:38:56:3856 [32minfo[39m: [32m::1 - - [15/May/2025:01:38:56 +0000] "POST /api/registrar HTTP/1.1" 404 1554 "-" "PostmanRuntime/7.43.4"[39m
2025-05-14 22:39:13:3913 [31merror[39m: [31mApiError: Token de autenticação não fornecido[39m
[31mStack: ApiError: Token de autenticação não fornecido[39m
[31m    at authMiddleware (C:\Users\eduar\Documents\Workspace\Sistema Unificado de Informação\SUI\middleware\authMiddleware.js:12:13)[39m
[31m    at Layer.handleRequest (C:\Users\eduar\Documents\Workspace\Sistema Unificado de Informação\SUI\node_modules\router\lib\layer.js:152:17)[39m
[31m    at next (C:\Users\eduar\Documents\Workspace\Sistema Unificado de Informação\SUI\node_modules\router\lib\route.js:157:13)[39m
[31m    at Route.dispatch (C:\Users\eduar\Documents\Workspace\Sistema Unificado de Informação\SUI\node_modules\router\lib\route.js:117:3)[39m
[31m    at handle (C:\Users\eduar\Documents\Workspace\Sistema Unificado de Informação\SUI\node_modules\router\index.js:435:11)[39m
[31m    at Layer.handleRequest (C:\Users\eduar\Documents\Workspace\Sistema Unificado de Informação\SUI\node_modules\router\lib\layer.js:152:17)[39m
[31m    at C:\Users\eduar\Documents\Workspace\Sistema Unificado de Informação\SUI\node_modules\router\index.js:295:15[39m
[31m    at processParams (C:\Users\eduar\Documents\Workspace\Sistema Unificado de Informação\SUI\node_modules\router\index.js:582:12)[39m
[31m    at next (C:\Users\eduar\Documents\Workspace\Sistema Unificado de Informação\SUI\node_modules\router\index.js:291:5)[39m
[31m    at Function.handle (C:\Users\eduar\Documents\Workspace\Sistema Unificado de Informação\SUI\node_modules\router\index.js:186:3)[39m
2025-05-14 22:39:13:3913 [32minfo[39m: [32m::1 - - [15/May/2025:01:39:13 +0000] "GET /api/auth/usuarios HTTP/1.1" 401 1555 "-" "PostmanRuntime/7.43.4"[39m
2025-05-14 22:39:35:3935 [31merror[39m: [31mErro ao executar query:[39m
2025-05-14 22:39:35:3935 [31merror[39m: [31mErro ao buscar usuário por email: self-signed certificate in certificate chain[39m
2025-05-14 22:39:35:3935 [31merror[39m: [31mError: self-signed certificate in certificate chain[39m
[31mStack: Error: self-signed certificate in certificate chain[39m
[31m    at C:\Users\eduar\Documents\Workspace\Sistema Unificado de Informação\SUI\node_modules\pg-pool\index.js:45:11[39m
[31m    at process.processTicksAndRejections (node:internal/process/task_queues:105:5)[39m
[31m    at async Object.query (C:\Users\eduar\Documents\Workspace\Sistema Unificado de Informação\SUI\config\dataBaseConfig.js:31:17)[39m
[31m    at async Usuario.buscarPorEmail (C:\Users\eduar\Documents\Workspace\Sistema Unificado de Informação\SUI\models\usuario.js:31:24)[39m
[31m    at async registrar (C:\Users\eduar\Documents\Workspace\Sistema Unificado de Informação\SUI\controllers\authController.js:125:32)[39m
2025-05-14 22:39:35:3935 [32minfo[39m: [32m::1 - - [15/May/2025:01:39:35 +0000] "POST /api/auth/registrar HTTP/1.1" 500 793 "-" "PostmanRuntime/7.43.4"[39m
2025-05-14 22:40:00:400 [32minfo[39m: [32mServidor rodando na porta 3000[39m
2025-05-14 22:40:28:4028 [32minfo[39m: [32mServidor rodando na porta 3000[39m
2025-05-14 22:40:53:4053 [37mdebug[39m: [37mQuery executada[39m
2025-05-14 22:40:53:4053 [31merror[39m: [31mErro ao criar usuário: data must be a string or Buffer and salt must either be a salt string or a number of rounds[39m
2025-05-14 22:40:53:4053 [31merror[39m: [31mError: data must be a string or Buffer and salt must either be a salt string or a number of rounds[39m
[31mStack: Error: data must be a string or Buffer and salt must either be a salt string or a number of rounds[39m
[31m    at Object.hash (C:\Users\eduar\Documents\Workspace\Sistema Unificado de Informação\SUI\node_modules\bcrypt\bcrypt.js:140:17)[39m
[31m    at C:\Users\eduar\Documents\Workspace\Sistema Unificado de Informação\SUI\node_modules\bcrypt\promises.js:26:12[39m
[31m    at new Promise (<anonymous>)[39m
[31m    at Object.promise (C:\Users\eduar\Documents\Workspace\Sistema Unificado de Informação\SUI\node_modules\bcrypt\promises.js:17:12)[39m
[31m    at Object.hash (C:\Users\eduar\Documents\Workspace\Sistema Unificado de Informação\SUI\node_modules\bcrypt\bcrypt.js:129:25)[39m
[31m    at Usuario.criar (C:\Users\eduar\Documents\Workspace\Sistema Unificado de Informação\SUI\models\usuario.js:51:38)[39m
[31m    at registrar (C:\Users\eduar\Documents\Workspace\Sistema Unificado de Informação\SUI\controllers\authController.js:132:41)[39m
[31m    at process.processTicksAndRejections (node:internal/process/task_queues:105:5)[39m
2025-05-14 22:40:53:4053 [32minfo[39m: [32m::1 - - [15/May/2025:01:40:53 +0000] "POST /api/auth/registrar HTTP/1.1" 500 1188 "-" "PostmanRuntime/7.43.4"[39m
2025-05-14 22:42:03:423 [37mdebug[39m: [37mQuery executada[39m
2025-05-14 22:42:03:423 [37mdebug[39m: [37mQuery executada[39m
2025-05-14 22:42:03:423 [32minfo[39m: [32m::1 - - [15/May/2025:01:42:03 +0000] "POST /api/auth/registrar HTTP/1.1" 201 103 "-" "PostmanRuntime/7.43.4"[39m
2025-05-14 22:43:23:4323 [31merror[39m: [31mApiError: Rota não encontrada: /api/auth/login[39m
[31mStack: ApiError: Rota não encontrada: /api/auth/login[39m
[31m    at notFoundHandler (C:\Users\eduar\Documents\Workspace\Sistema Unificado de Informação\SUI\middleware\errorHandler.js:38:17)[39m
[31m    at Layer.handleRequest (C:\Users\eduar\Documents\Workspace\Sistema Unificado de Informação\SUI\node_modules\router\lib\layer.js:152:17)[39m
[31m    at trimPrefix (C:\Users\eduar\Documents\Workspace\Sistema Unificado de Informação\SUI\node_modules\router\index.js:342:13)[39m
[31m    at C:\Users\eduar\Documents\Workspace\Sistema Unificado de Informação\SUI\node_modules\router\index.js:297:9[39m
[31m    at processParams (C:\Users\eduar\Documents\Workspace\Sistema Unificado de Informação\SUI\node_modules\router\index.js:582:12)[39m
[31m    at next (C:\Users\eduar\Documents\Workspace\Sistema Unificado de Informação\SUI\node_modules\router\index.js:291:5)[39m
[31m    at C:\Users\eduar\Documents\Workspace\Sistema Unificado de Informação\SUI\node_modules\router\index.js:688:15[39m
[31m    at next (C:\Users\eduar\Documents\Workspace\Sistema Unificado de Informação\SUI\node_modules\router\index.js:276:14)[39m
[31m    at Function.handle (C:\Users\eduar\Documents\Workspace\Sistema Unificado de Informação\SUI\node_modules\router\index.js:186:3)[39m
[31m    at router (C:\Users\eduar\Documents\Workspace\Sistema Unificado de Informação\SUI\node_modules\router\index.js:60:12)[39m
2025-05-14 22:43:23:4323 [32minfo[39m: [32m::1 - - [15/May/2025:01:43:23 +0000] "GET /api/auth/login HTTP/1.1" 404 1510 "-" "PostmanRuntime/7.43.4"[39m
2025-05-14 22:43:40:4340 [37mdebug[39m: [37mQuery executada[39m
2025-05-14 22:43:40:4340 [32minfo[39m: [32m::1 - - [15/May/2025:01:43:40 +0000] "POST /api/auth/login HTTP/1.1" 200 342 "-" "PostmanRuntime/7.43.4"[39m
